  [1m[35m (444.1ms)[0m  [1m[35mCREATE DATABASE "R_noticias_development" ENCODING = 'unicode'[0m
  [1m[35m (372.4ms)[0m  [1m[35mCREATE DATABASE "R_noticias_test" ENCODING = 'unicode'[0m
  [1m[35m (21.6ms)[0m  [1m[35mCREATE TABLE "schema_migrations" ("version" character varying NOT NULL PRIMARY KEY)[0m
  [1m[35m (8.0ms)[0m  [1m[35mCREATE TABLE "ar_internal_metadata" ("key" character varying NOT NULL PRIMARY KEY, "value" character varying, "created_at" timestamp(6) NOT NULL, "updated_at" timestamp(6) NOT NULL)[0m
  [1m[35m (0.4ms)[0m  [1m[34mSELECT pg_try_advisory_lock(524798388227628795)[0m
  [1m[36mActiveRecord::SchemaMigration Pluck (0.7ms)[0m  [1m[34mSELECT "schema_migrations"."version" FROM "schema_migrations" ORDER BY "schema_migrations"."version" ASC[0m
Migrating to DeviseCreateUsers (20230718223643)
  [1m[36mTRANSACTION (1.0ms)[0m  [1m[35mBEGIN[0m
  [1m[35m (7.6ms)[0m  [1m[35mCREATE TABLE "users" ("id" bigserial primary key, "email" character varying DEFAULT '' NOT NULL, "encrypted_password" character varying DEFAULT '' NOT NULL, "reset_password_token" character varying, "reset_password_sent_at" timestamp(6), "remember_created_at" timestamp(6), "created_at" timestamp(6) NOT NULL, "updated_at" timestamp(6) NOT NULL)[0m
  [1m[35m (4.7ms)[0m  [1m[35mCREATE UNIQUE INDEX "index_users_on_email" ON "users" ("email")[0m
  [1m[35m (5.3ms)[0m  [1m[35mCREATE UNIQUE INDEX "index_users_on_reset_password_token" ON "users" ("reset_password_token")[0m
  [1m[36mActiveRecord::SchemaMigration Create (1.1ms)[0m  [1m[32mINSERT INTO "schema_migrations" ("version") VALUES ($1) RETURNING "version"[0m  [["version", "20230718223643"]]
  [1m[36mTRANSACTION (1.4ms)[0m  [1m[35mCOMMIT[0m
  [1m[36mActiveRecord::InternalMetadata Load (0.4ms)[0m  [1m[34mSELECT "ar_internal_metadata".* FROM "ar_internal_metadata" WHERE "ar_internal_metadata"."key" = $1 LIMIT $2[0m  [["key", "environment"], ["LIMIT", 1]]
  [1m[36mTRANSACTION (0.3ms)[0m  [1m[35mBEGIN[0m
  [1m[36mActiveRecord::InternalMetadata Create (0.8ms)[0m  [1m[32mINSERT INTO "ar_internal_metadata" ("key", "value", "created_at", "updated_at") VALUES ($1, $2, $3, $4) RETURNING "key"[0m  [["key", "environment"], ["value", "development"], ["created_at", "2023-07-18 22:38:15.794521"], ["updated_at", "2023-07-18 22:38:15.794521"]]
  [1m[36mTRANSACTION (2.4ms)[0m  [1m[35mCOMMIT[0m
  [1m[35m (0.6ms)[0m  [1m[34mSELECT pg_advisory_unlock(524798388227628795)[0m
  [1m[36mActiveRecord::SchemaMigration Pluck (0.7ms)[0m  [1m[34mSELECT "schema_migrations"."version" FROM "schema_migrations" ORDER BY "schema_migrations"."version" ASC[0m
  [1m[35m (0.2ms)[0m  [1m[34mSELECT pg_try_advisory_lock(524798388227628795)[0m
  [1m[36mActiveRecord::SchemaMigration Pluck (0.6ms)[0m  [1m[34mSELECT "schema_migrations"."version" FROM "schema_migrations" ORDER BY "schema_migrations"."version" ASC[0m
Migrating to CreateNews (20230718223959)
  [1m[36mTRANSACTION (0.9ms)[0m  [1m[35mBEGIN[0m
  [1m[35m (10.3ms)[0m  [1m[35mCREATE TABLE "news" ("id" bigserial primary key, "title" character varying, "body" character varying, "user" character varying, "created_at" timestamp(6) NOT NULL, "updated_at" timestamp(6) NOT NULL)[0m
  [1m[36mActiveRecord::SchemaMigration Create (0.6ms)[0m  [1m[32mINSERT INTO "schema_migrations" ("version") VALUES ($1) RETURNING "version"[0m  [["version", "20230718223959"]]
  [1m[36mTRANSACTION (1.9ms)[0m  [1m[35mCOMMIT[0m
Migrating to CreateComments (20230718224035)
  [1m[36mTRANSACTION (1.6ms)[0m  [1m[35mBEGIN[0m
  [1m[35m (7.8ms)[0m  [1m[35mCREATE TABLE "comments" ("id" bigserial primary key, "title" character varying, "body" character varying, "user" character varying, "created_at" timestamp(6) NOT NULL, "updated_at" timestamp(6) NOT NULL)[0m
  [1m[36mActiveRecord::SchemaMigration Create (0.8ms)[0m  [1m[32mINSERT INTO "schema_migrations" ("version") VALUES ($1) RETURNING "version"[0m  [["version", "20230718224035"]]
  [1m[36mTRANSACTION (2.9ms)[0m  [1m[35mCOMMIT[0m
  [1m[36mActiveRecord::InternalMetadata Load (0.4ms)[0m  [1m[34mSELECT "ar_internal_metadata".* FROM "ar_internal_metadata" WHERE "ar_internal_metadata"."key" = $1 LIMIT $2[0m  [["key", "environment"], ["LIMIT", 1]]
  [1m[35m (0.5ms)[0m  [1m[34mSELECT pg_advisory_unlock(524798388227628795)[0m
  [1m[36mActiveRecord::SchemaMigration Pluck (0.7ms)[0m  [1m[34mSELECT "schema_migrations"."version" FROM "schema_migrations" ORDER BY "schema_migrations"."version" ASC[0m
Started GET "/" for 127.0.0.1 at 2023-07-18 18:41:12 -0400
  [1m[36mActiveRecord::SchemaMigration Pluck (0.3ms)[0m  [1m[34mSELECT "schema_migrations"."version" FROM "schema_migrations" ORDER BY "schema_migrations"."version" ASC[0m
Processing by Rails::WelcomeController#index as HTML
  Rendering /home/inforcap/.rbenv/versions/3.1.1/lib/ruby/gems/3.1.0/gems/railties-7.0.6/lib/rails/templates/rails/welcome/index.html.erb
  Rendered /home/inforcap/.rbenv/versions/3.1.1/lib/ruby/gems/3.1.0/gems/railties-7.0.6/lib/rails/templates/rails/welcome/index.html.erb (Duration: 8.2ms | Allocations: 635)
Completed 200 OK in 119ms (Views: 25.3ms | ActiveRecord: 0.0ms | Allocations: 8221)


Started GET "/news" for 127.0.0.1 at 2023-07-18 18:41:21 -0400
Processing by NewsController#index as HTML
  Rendering layout layouts/application.html.erb
  Rendering news/index.html.erb within layouts/application
  [1m[36mNews Load (1.4ms)[0m  [1m[34mSELECT "news".* FROM "news"[0m
  ↳ app/views/news/index.html.erb:6
  Rendered news/index.html.erb within layouts/application (Duration: 16.9ms | Allocations: 1426)
  Rendered shared/_navbar.html.erb (Duration: 3.8ms | Allocations: 739)
  Rendered shared/_footer.html.erb (Duration: 1.6ms | Allocations: 119)
  Rendered layout layouts/application.html.erb (Duration: 5213.6ms | Allocations: 149491)
Completed 200 OK in 5233ms (Views: 5215.6ms | ActiveRecord: 1.4ms | Allocations: 151189)


Started GET "/vendedores.jpg" for 127.0.0.1 at 2023-07-18 18:41:27 -0400
  
ActionController::RoutingError (No route matches [GET] "/vendedores.jpg"):
  
Started GET "/news/new" for 127.0.0.1 at 2023-07-18 18:42:07 -0400
Processing by NewsController#new as HTML
  Rendering layout layouts/application.html.erb
  Rendering news/new.html.erb within layouts/application
  Rendered news/_form.html.erb (Duration: 18.0ms | Allocations: 2738)
  Rendered news/new.html.erb within layouts/application (Duration: 22.4ms | Allocations: 3067)
  Rendered shared/_navbar.html.erb (Duration: 0.8ms | Allocations: 219)
  Rendered shared/_footer.html.erb (Duration: 0.0ms | Allocations: 8)
  Rendered layout layouts/application.html.erb (Duration: 46.0ms | Allocations: 9264)
Completed 200 OK in 78ms (Views: 47.7ms | ActiveRecord: 5.6ms | Allocations: 16385)


Started GET "/" for 127.0.0.1 at 2023-07-18 18:42:13 -0400
Processing by Rails::WelcomeController#index as HTML
  Rendering /home/inforcap/.rbenv/versions/3.1.1/lib/ruby/gems/3.1.0/gems/railties-7.0.6/lib/rails/templates/rails/welcome/index.html.erb
  Rendered /home/inforcap/.rbenv/versions/3.1.1/lib/ruby/gems/3.1.0/gems/railties-7.0.6/lib/rails/templates/rails/welcome/index.html.erb (Duration: 11.2ms | Allocations: 294)
Completed 200 OK in 19ms (Views: 13.6ms | ActiveRecord: 0.0ms | Allocations: 1003)


Started GET "/" for 127.0.0.1 at 2023-07-18 18:42:13 -0400
Processing by Rails::WelcomeController#index as HTML
  Rendering /home/inforcap/.rbenv/versions/3.1.1/lib/ruby/gems/3.1.0/gems/railties-7.0.6/lib/rails/templates/rails/welcome/index.html.erb
  Rendered /home/inforcap/.rbenv/versions/3.1.1/lib/ruby/gems/3.1.0/gems/railties-7.0.6/lib/rails/templates/rails/welcome/index.html.erb (Duration: 0.2ms | Allocations: 15)
Completed 200 OK in 9ms (Views: 3.2ms | ActiveRecord: 0.0ms | Allocations: 247)


Started GET "/news" for 127.0.0.1 at 2023-07-18 18:44:38 -0400
Processing by NewsController#index as HTML
  Rendering layout layouts/application.html.erb
  Rendering news/index.html.erb within layouts/application
  [1m[36mNews Load (0.3ms)[0m  [1m[34mSELECT "news".* FROM "news"[0m
  ↳ app/views/news/index.html.erb:6
  Rendered news/index.html.erb within layouts/application (Duration: 16.8ms | Allocations: 915)
  Rendered shared/_navbar.html.erb (Duration: 0.3ms | Allocations: 216)
  Rendered shared/_footer.html.erb (Duration: 0.0ms | Allocations: 8)
  Rendered layout layouts/application.html.erb (Duration: 3080.3ms | Allocations: 39210)
Completed 200 OK in 3088ms (Views: 3081.0ms | ActiveRecord: 0.3ms | Allocations: 39500)


Started GET "/vendedores.jpg" for 127.0.0.1 at 2023-07-18 18:44:41 -0400
  
ActionController::RoutingError (No route matches [GET] "/vendedores.jpg"):
  
Started GET "/news" for 127.0.0.1 at 2023-07-18 18:45:34 -0400
Processing by NewsController#index as HTML
  Rendering layout layouts/application.html.erb
  Rendering news/index.html.erb within layouts/application
  [1m[36mNews Load (0.2ms)[0m  [1m[34mSELECT "news".* FROM "news"[0m
  ↳ app/views/news/index.html.erb:6
  Rendered news/index.html.erb within layouts/application (Duration: 16.1ms | Allocations: 776)
  Rendered shared/_navbar.html.erb (Duration: 0.4ms | Allocations: 196)
  Rendered shared/_footer.html.erb (Duration: 0.0ms | Allocations: 8)
  Rendered layout layouts/application.html.erb (Duration: 3478.2ms | Allocations: 38727)
Completed 200 OK in 3486ms (Views: 3480.4ms | ActiveRecord: 0.2ms | Allocations: 39009)


Started GET "/vendedores.jpg" for 127.0.0.1 at 2023-07-18 18:45:37 -0400
  
ActionController::RoutingError (No route matches [GET] "/vendedores.jpg"):
  
Started GET "/" for 127.0.0.1 at 2023-07-18 18:45:45 -0400
Processing by Rails::WelcomeController#index as HTML
  Rendering /home/inforcap/.rbenv/versions/3.1.1/lib/ruby/gems/3.1.0/gems/railties-7.0.6/lib/rails/templates/rails/welcome/index.html.erb
  Rendered /home/inforcap/.rbenv/versions/3.1.1/lib/ruby/gems/3.1.0/gems/railties-7.0.6/lib/rails/templates/rails/welcome/index.html.erb (Duration: 0.3ms | Allocations: 15)
Completed 200 OK in 10ms (Views: 2.5ms | ActiveRecord: 0.0ms | Allocations: 223)


Started GET "/" for 127.0.0.1 at 2023-07-18 18:45:45 -0400
Processing by Rails::WelcomeController#index as HTML
  Rendering /home/inforcap/.rbenv/versions/3.1.1/lib/ruby/gems/3.1.0/gems/railties-7.0.6/lib/rails/templates/rails/welcome/index.html.erb
  Rendered /home/inforcap/.rbenv/versions/3.1.1/lib/ruby/gems/3.1.0/gems/railties-7.0.6/lib/rails/templates/rails/welcome/index.html.erb (Duration: 0.1ms | Allocations: 15)
Completed 200 OK in 5ms (Views: 1.8ms | ActiveRecord: 0.0ms | Allocations: 221)


Started GET "/news" for 127.0.0.1 at 2023-07-18 18:46:06 -0400
Processing by NewsController#index as HTML
  Rendering layout layouts/application.html.erb
  Rendering news/index.html.erb within layouts/application
  [1m[36mNews Load (0.8ms)[0m  [1m[34mSELECT "news".* FROM "news"[0m
  ↳ app/views/news/index.html.erb:6
  Rendered news/index.html.erb within layouts/application (Duration: 13.4ms | Allocations: 1218)
  Rendered shared/_navbar.html.erb (Duration: 3.4ms | Allocations: 614)
  Rendered shared/_footer.html.erb (Duration: 2.6ms | Allocations: 118)
  Rendered layout layouts/application.html.erb (Duration: 51.7ms | Allocations: 8333)
Completed 200 OK in 62ms (Views: 55.4ms | ActiveRecord: 0.8ms | Allocations: 9288)


Started GET "/news" for 127.0.0.1 at 2023-07-18 18:48:17 -0400
Processing by NewsController#index as HTML
  Rendering layout layouts/application.html.erb
  Rendering news/index.html.erb within layouts/application
  [1m[36mNews Load (1.3ms)[0m  [1m[34mSELECT "news".* FROM "news"[0m
  ↳ app/views/news/index.html.erb:6
  Rendered news/index.html.erb within layouts/application (Duration: 8.7ms | Allocations: 1203)
  Rendered shared/_navbar.html.erb (Duration: 3.7ms | Allocations: 614)
  Rendered shared/_footer.html.erb (Duration: 7.8ms | Allocations: 118)
  Rendered layout layouts/application.html.erb (Duration: 54.0ms | Allocations: 8308)
Completed 200 OK in 74ms (Views: 58.6ms | ActiveRecord: 1.3ms | Allocations: 9290)


Started GET "/news" for 127.0.0.1 at 2023-07-18 18:50:45 -0400
Processing by NewsController#index as HTML
  Rendering layout layouts/application.html.erb
  Rendering news/index.html.erb within layouts/application
  [1m[36mNews Load (0.2ms)[0m  [1m[34mSELECT "news".* FROM "news"[0m
  ↳ app/views/news/index.html.erb:6
  Rendered news/index.html.erb within layouts/application (Duration: 4.4ms | Allocations: 760)
  Rendered shared/_navbar.html.erb (Duration: 0.4ms | Allocations: 196)
  Rendered shared/_footer.html.erb (Duration: 0.0ms | Allocations: 8)
  Rendered layout layouts/application.html.erb (Duration: 51.9ms | Allocations: 6793)
Completed 200 OK in 58ms (Views: 53.0ms | ActiveRecord: 0.2ms | Allocations: 7090)


Started GET "/news" for 127.0.0.1 at 2023-07-18 18:51:00 -0400
Processing by NewsController#index as HTML
  Rendering layout layouts/application.html.erb
  Rendering news/index.html.erb within layouts/application
  [1m[36mNews Load (0.2ms)[0m  [1m[34mSELECT "news".* FROM "news"[0m
  ↳ app/views/news/index.html.erb:6
  Rendered news/index.html.erb within layouts/application (Duration: 4.9ms | Allocations: 1197)
  Rendered shared/_navbar.html.erb (Duration: 3.8ms | Allocations: 614)
  Rendered shared/_footer.html.erb (Duration: 1.6ms | Allocations: 118)
  Rendered layout layouts/application.html.erb (Duration: 59.4ms | Allocations: 8303)
Completed 200 OK in 71ms (Views: 64.8ms | ActiveRecord: 0.2ms | Allocations: 9262)


Started GET "/news" for 127.0.0.1 at 2023-07-18 18:52:07 -0400
Processing by NewsController#index as HTML
  Rendering layout layouts/application.html.erb
  Rendering news/index.html.erb within layouts/application
  [1m[36mNews Load (1.5ms)[0m  [1m[34mSELECT "news".* FROM "news"[0m
  ↳ app/views/news/index.html.erb:6
  Rendered news/index.html.erb within layouts/application (Duration: 6.1ms | Allocations: 766)
  Rendered shared/_navbar.html.erb (Duration: 0.8ms | Allocations: 196)
  Rendered shared/_footer.html.erb (Duration: 0.0ms | Allocations: 8)
  Rendered layout layouts/application.html.erb (Duration: 31.2ms | Allocations: 6799)
Completed 200 OK in 50ms (Views: 31.6ms | ActiveRecord: 1.5ms | Allocations: 7096)


Started GET "/news" for 127.0.0.1 at 2023-07-18 18:52:09 -0400
Processing by NewsController#index as HTML
  Rendering layout layouts/application.html.erb
  Rendering news/index.html.erb within layouts/application
  [1m[36mNews Load (0.3ms)[0m  [1m[34mSELECT "news".* FROM "news"[0m
  ↳ app/views/news/index.html.erb:6
  Rendered news/index.html.erb within layouts/application (Duration: 5.5ms | Allocations: 1195)
  Rendered shared/_navbar.html.erb (Duration: 4.2ms | Allocations: 614)
  Rendered shared/_footer.html.erb (Duration: 2.4ms | Allocations: 118)
  Rendered layout layouts/application.html.erb (Duration: 61.5ms | Allocations: 8299)
Completed 200 OK in 80ms (Views: 72.0ms | ActiveRecord: 0.3ms | Allocations: 9258)


Started GET "/news/new" for 127.0.0.1 at 2023-07-18 19:00:58 -0400
  [1m[36mActiveRecord::SchemaMigration Pluck (0.4ms)[0m  [1m[34mSELECT "schema_migrations"."version" FROM "schema_migrations" ORDER BY "schema_migrations"."version" ASC[0m
Processing by NewsController#new as HTML
  Rendering layout layouts/application.html.erb
  Rendering news/new.html.erb within layouts/application
  Rendered news/_form.html.erb (Duration: 13.6ms | Allocations: 2960)
  Rendered news/new.html.erb within layouts/application (Duration: 23.9ms | Allocations: 3580)
  Rendered shared/_navbar.html.erb (Duration: 3.9ms | Allocations: 736)
  Rendered shared/_footer.html.erb (Duration: 1.7ms | Allocations: 119)
  Rendered layout layouts/application.html.erb (Duration: 1000.5ms | Allocations: 68342)
Completed 200 OK in 1106ms (Views: 1013.8ms | ActiveRecord: 3.3ms | Allocations: 79243)


Started GET "/" for 127.0.0.1 at 2023-07-18 19:01:03 -0400
Processing by NewsController#index as HTML
  Rendering layout layouts/application.html.erb
  Rendering news/index.html.erb within layouts/application
  [1m[36mNews Load (0.3ms)[0m  [1m[34mSELECT "news".* FROM "news"[0m
  ↳ app/views/news/index.html.erb:6
  Rendered news/index.html.erb within layouts/application (Duration: 5.0ms | Allocations: 1279)
  Rendered shared/_navbar.html.erb (Duration: 0.3ms | Allocations: 217)
  Rendered shared/_footer.html.erb (Duration: 0.0ms | Allocations: 8)
  Rendered layout layouts/application.html.erb (Duration: 23.3ms | Allocations: 7457)
Completed 200 OK in 30ms (Views: 24.8ms | ActiveRecord: 0.3ms | Allocations: 7964)


Started GET "/" for 127.0.0.1 at 2023-07-18 19:01:06 -0400
Processing by NewsController#index as HTML
  Rendering layout layouts/application.html.erb
  Rendering news/index.html.erb within layouts/application
  [1m[36mNews Load (1.0ms)[0m  [1m[34mSELECT "news".* FROM "news"[0m
  ↳ app/views/news/index.html.erb:6
  Rendered news/index.html.erb within layouts/application (Duration: 6.2ms | Allocations: 773)
  Rendered shared/_navbar.html.erb (Duration: 0.3ms | Allocations: 196)
  Rendered shared/_footer.html.erb (Duration: 0.1ms | Allocations: 8)
  Rendered layout layouts/application.html.erb (Duration: 37.8ms | Allocations: 6834)
Completed 200 OK in 51ms (Views: 40.2ms | ActiveRecord: 1.0ms | Allocations: 7118)


Started GET "/users/sign_in" for 127.0.0.1 at 2023-07-18 19:01:08 -0400
Processing by Users::SessionsController#new as HTML
  Rendering layout layouts/application.html.erb
  Rendering devise/sessions/new.html.erb within layouts/application
  Rendered devise/shared/_links.html.erb (Duration: 1.8ms | Allocations: 730)
  Rendered devise/sessions/new.html.erb within layouts/application (Duration: 35.8ms | Allocations: 3880)
  Rendered shared/_navbar.html.erb (Duration: 0.3ms | Allocations: 205)
  Rendered shared/_footer.html.erb (Duration: 0.0ms | Allocations: 9)
  Rendered layout layouts/application.html.erb (Duration: 54.0ms | Allocations: 10108)
Completed 200 OK in 77ms (Views: 59.4ms | ActiveRecord: 1.5ms | Allocations: 16613)


Started GET "/" for 127.0.0.1 at 2023-07-18 19:01:12 -0400
Processing by NewsController#index as HTML
  Rendering layout layouts/application.html.erb
  Rendering news/index.html.erb within layouts/application
  [1m[36mNews Load (0.3ms)[0m  [1m[34mSELECT "news".* FROM "news"[0m
  ↳ app/views/news/index.html.erb:6
  Rendered news/index.html.erb within layouts/application (Duration: 5.9ms | Allocations: 858)
  Rendered shared/_navbar.html.erb (Duration: 0.6ms | Allocations: 203)
  Rendered shared/_footer.html.erb (Duration: 0.5ms | Allocations: 8)
  Rendered layout layouts/application.html.erb (Duration: 43.5ms | Allocations: 6900)
Completed 200 OK in 52ms (Views: 46.4ms | ActiveRecord: 0.3ms | Allocations: 7216)


Started GET "/" for 127.0.0.1 at 2023-07-18 19:01:15 -0400
Processing by NewsController#index as HTML
  Rendering layout layouts/application.html.erb
  Rendering news/index.html.erb within layouts/application
  [1m[36mNews Load (0.3ms)[0m  [1m[34mSELECT "news".* FROM "news"[0m
  ↳ app/views/news/index.html.erb:6
  Rendered news/index.html.erb within layouts/application (Duration: 8.0ms | Allocations: 768)
  Rendered shared/_navbar.html.erb (Duration: 0.9ms | Allocations: 196)
  Rendered shared/_footer.html.erb (Duration: 0.0ms | Allocations: 8)
  Rendered layout layouts/application.html.erb (Duration: 38.9ms | Allocations: 6803)
Completed 200 OK in 51ms (Views: 45.6ms | ActiveRecord: 0.3ms | Allocations: 7089)


Started GET "/" for 127.0.0.1 at 2023-07-18 19:01:17 -0400
Processing by NewsController#index as HTML
  Rendering layout layouts/application.html.erb
  Rendering news/index.html.erb within layouts/application
  [1m[36mNews Load (1.1ms)[0m  [1m[34mSELECT "news".* FROM "news"[0m
  ↳ app/views/news/index.html.erb:6
  Rendered news/index.html.erb within layouts/application (Duration: 11.7ms | Allocations: 763)
  Rendered shared/_navbar.html.erb (Duration: 0.6ms | Allocations: 196)
  Rendered shared/_footer.html.erb (Duration: 0.0ms | Allocations: 8)
  Rendered layout layouts/application.html.erb (Duration: 38.9ms | Allocations: 6796)
Completed 200 OK in 47ms (Views: 40.8ms | ActiveRecord: 1.1ms | Allocations: 7072)


Started GET "/" for 127.0.0.1 at 2023-07-18 19:01:18 -0400
Processing by NewsController#index as HTML
  Rendering layout layouts/application.html.erb
  Rendering news/index.html.erb within layouts/application
  [1m[36mNews Load (0.2ms)[0m  [1m[34mSELECT "news".* FROM "news"[0m
  ↳ app/views/news/index.html.erb:6
  Rendered news/index.html.erb within layouts/application (Duration: 4.5ms | Allocations: 766)
  Rendered shared/_navbar.html.erb (Duration: 0.4ms | Allocations: 196)
  Rendered shared/_footer.html.erb (Duration: 0.0ms | Allocations: 8)
  Rendered layout layouts/application.html.erb (Duration: 29.9ms | Allocations: 6799)
Completed 200 OK in 35ms (Views: 31.1ms | ActiveRecord: 0.2ms | Allocations: 7075)


Started GET "/news/new" for 127.0.0.1 at 2023-07-18 19:01:20 -0400
Processing by NewsController#new as HTML
  Rendering layout layouts/application.html.erb
  Rendering news/new.html.erb within layouts/application
  Rendered news/_form.html.erb (Duration: 2.1ms | Allocations: 1179)
  Rendered news/new.html.erb within layouts/application (Duration: 4.4ms | Allocations: 1266)
  Rendered shared/_navbar.html.erb (Duration: 0.6ms | Allocations: 195)
  Rendered shared/_footer.html.erb (Duration: 0.0ms | Allocations: 8)
  Rendered layout layouts/application.html.erb (Duration: 26.8ms | Allocations: 7298)
Completed 200 OK in 41ms (Views: 29.1ms | ActiveRecord: 0.0ms | Allocations: 7581)


Started GET "/news/new" for 127.0.0.1 at 2023-07-18 19:04:34 -0400
Processing by NewsController#new as HTML
  Rendering layout layouts/application.html.erb
  Rendering news/new.html.erb within layouts/application
  Rendered news/_form.html.erb (Duration: 3.3ms | Allocations: 1746)
  Rendered news/new.html.erb within layouts/application (Duration: 8.4ms | Allocations: 2069)
  Rendered shared/_navbar.html.erb (Duration: 2.5ms | Allocations: 606)
  Rendered shared/_footer.html.erb (Duration: 2.9ms | Allocations: 118)
  Rendered layout layouts/application.html.erb (Duration: 55.9ms | Allocations: 9149)
Completed 200 OK in 67ms (Views: 61.9ms | ActiveRecord: 0.0ms | Allocations: 10102)


Started GET "/news" for 127.0.0.1 at 2023-07-18 19:04:39 -0400
Processing by NewsController#index as HTML
  Rendering layout layouts/application.html.erb
  Rendering news/index.html.erb within layouts/application
  [1m[36mNews Load (0.5ms)[0m  [1m[34mSELECT "news".* FROM "news"[0m
  ↳ app/views/news/index.html.erb:6
  Rendered news/index.html.erb within layouts/application (Duration: 5.3ms | Allocations: 1032)
  Rendered shared/_navbar.html.erb (Duration: 0.3ms | Allocations: 196)
  Rendered shared/_footer.html.erb (Duration: 0.0ms | Allocations: 8)
  Rendered layout layouts/application.html.erb (Duration: 22.6ms | Allocations: 7065)
Completed 200 OK in 28ms (Views: 22.9ms | ActiveRecord: 0.5ms | Allocations: 7442)


Started GET "/news/new" for 127.0.0.1 at 2023-07-18 19:04:50 -0400
Processing by NewsController#new as HTML
  Rendering layout layouts/application.html.erb
  Rendering news/new.html.erb within layouts/application
  Rendered news/_form.html.erb (Duration: 1.9ms | Allocations: 1173)
  Rendered news/new.html.erb within layouts/application (Duration: 2.7ms | Allocations: 1260)
  Rendered shared/_navbar.html.erb (Duration: 0.4ms | Allocations: 195)
  Rendered shared/_footer.html.erb (Duration: 0.0ms | Allocations: 8)
  Rendered layout layouts/application.html.erb (Duration: 34.2ms | Allocations: 7393)
Completed 200 OK in 40ms (Views: 35.4ms | ActiveRecord: 0.0ms | Allocations: 7678)


